Arguments: 
  C:\Program Files\nodejs\node.exe C:\Users\Sara\AppData\Roaming\npm\node_modules\yarn\bin\yarn.js add ../../

PATH: 
  C:\Program Files\Eclipse Adoptium\jre-17.0.3.7-hotspot\bin;C:\Program Files (x86)\Common Files\Oracle\Java\javapath;C:\Windows\system32;C:\Windows;C:\Windows\System32\Wbem;C:\Windows\System32\WindowsPowerShell\v1.0\;C:\Windows\System32\OpenSSH\;C:\Program Files\Microsoft VS Code\bin;C:\Program Files (x86)\NVIDIA Corporation\PhysX\Common;C:\Program Files\nodejs\;C:\Program Files\Git\cmd;C:\Program Files\dotnet\;C:\Users\Sara\AppData\Local\Microsoft\WindowsApps;C:\Users\Sara\AppData\Roaming\npm

Yarn version: 
  1.22.18

Node version: 
  16.14.0

Platform: 
  win32 x64

Trace: 
  SyntaxError: C:\Users\Sara\Documents\grpc-over-websocket\examples\server\package.json: Unexpected end of JSON input
      at JSON.parse (<anonymous>)
      at C:\Users\Sara\AppData\Roaming\npm\node_modules\yarn\lib\cli.js:1625:59
      at Generator.next (<anonymous>)
      at step (C:\Users\Sara\AppData\Roaming\npm\node_modules\yarn\lib\cli.js:310:30)
      at C:\Users\Sara\AppData\Roaming\npm\node_modules\yarn\lib\cli.js:321:13

npm manifest: 
  

yarn manifest: 
  No manifest

Lockfile: 
  No lockfile
